<?xml version="1.0" encoding="UTF-8"?>
<!-- Generated by org.testng.reporters.JUnitReportReporter -->
<testsuite hostname="LAPTOP-6C5DHMVI" failures="0" tests="2" name="Demo.CWB.BasicTest" time="8.060" errors="0" timestamp="2020-10-09T12:02:23 IST" skipped="0">
  <testcase classname="Demo.CWB.BasicTest" name="commSecTest" time="3.534"/>
  <system-out/>
  <testcase classname="Demo.CWB.BasicTest" name="netBankTest" time="4.526"/>
  <system-out/>
</testsuite> <!-- Demo.CWB.BasicTest -->
