<?xml version="1.0" encoding="UTF-8"?>
<!-- Generated by org.testng.reporters.JUnitReportReporter -->
<testsuite hostname="LAPTOP-6C5DHMVI" failures="0" tests="2" name="Demo.CWB.BasicTest" time="9.109" errors="0" timestamp="2020-10-09T10:57:13 IST" skipped="0">
  <testcase classname="Demo.CWB.BasicTest" name="commSecTest" time="5.099"/>
  <system-out/>
  <testcase classname="Demo.CWB.BasicTest" name="netBankTest" time="4.010"/>
  <system-out/>
</testsuite> <!-- Demo.CWB.BasicTest -->
